[0;34m==========================================[0m
[0;34mLab5 Complete Cleanup Script[0m
[0;34m==========================================[0m
Started: Fri Jan 23 22:04:16 -05 2026
Log file: logs/cleanup-20260123-220416.log
AWS Region: us-west-2
Shared Stack: serverless-saas-shared-lab5
Pipeline Stack: serverless-saas-pipeline-lab5

[1;33mThis will delete:[0m
[1;33m  - All tenant stacks (stack-*)[0m
[1;33m  - Shared infrastructure stack[0m
[1;33m  - Pipeline stack[0m
[1;33m  - S3 buckets (will be emptied first)[0m
[1;33m  - CDK bootstrap resources[0m
[1;33m  - Cognito User Pools[0m


[0;32mStarting cleanup...[0m

[0;34m==========================================[0m
[0;34mStep 1: Deleting tenant stacks[0m
[0;34m==========================================[0m
[1;33mNo tenant stacks found[0m
[0;32m✓ Tenant stacks cleanup complete[0m

[0;34m==========================================[0m
[0;34mStep 2: Identifying resources from stacks[0m
[0;34m==========================================[0m
