[0;34m==========================================[0m
[0;34mLab5 Deployment Script[0m
[0;34m==========================================[0m
Log file: logs/deployment-20260123-211501.log
AWS Profile: serverless-saas-demo
AWS Region: us-west-2
Shared Stack: serverless-saas-shared-lab5
Pipeline Stack: serverless-saas-pipeline-lab5

[1;33mStep 1: Validating prerequisites...[0m
[0;32m  ✓ AWS CLI installed[0m
[0;32m  ✓ SAM CLI installed[0m
[0;32m  ✓ AWS CDK CLI installed[0m
[0;32m  ✓ Python installed (version: 3.14.2)[0m
[0;32m  ✓ Node.js installed (version: v22.22.0)[0m
[0;32m  ✓ Git installed[0m
[1;33m  Validating AWS credentials...[0m
[0;32m  ✓ AWS credentials valid[0m
[0;32m    Account: 265098672980[0m
[0;32m    Region: us-west-2[0m
[0;32m    Profile: serverless-saas-demo[0m

[1;33mStep 2: Checking for Event Engine environment...[0m
[0;32m  ✓ Running in standard AWS account[0m

[1;33mStep 3: Deploying CI/CD pipeline...[0m
[1;33m  Checking CodeCommit repository...[0m
[0;32m  ✓ Repository exists[0m
[1;33m  Pushing code to CodeCommit...[0m
[1;33m    Current branch: checkpoint-lab7[0m
[1;33m    Git root: /Users/lancdieg/Documents/SA work/2026/Demos/AWS Serverless SaaS Demo/workshop[0m
[1;33m    ⚠ Warning: Uncommitted changes detected, committing now...[0m
[checkpoint-lab7 51d0b30] chore: Auto-commit before Lab5 deployment
 5 files changed, 165 insertions(+), 40 deletions(-)
 create mode 100644 Lab5/LAB5_DEPLOYMENT_BUGS_FIXED.md
 create mode 100644 Lab5/scripts/logs/deployment-20260123-211501.log
You are pushing to the remote cc at codecommit::us-west-2://aws-serverless-saas-workshop
remote: Validating objects: 0%        remote: Validating objects: 100%        
To codecommit::us-west-2://aws-serverless-saas-workshop
   43fb702..51d0b30  checkpoint-lab7 -> main
[0;32m  ✓ Code pushed to CodeCommit main branch[0m
[1;33m  Building and deploying pipeline with CDK...[0m
[1;33m  Cleaning previous npm installation for TenantPipeline...[0m
npm warn deprecated inflight@1.0.6: This module is not supported, and leaks memory. Do not use it. Check out lru-cache if you want a good and tested way to coalesce async requests by a key value, which is much more comprehensive and powerful.
npm warn deprecated source-map-url@0.4.1: See https://github.com/lydell/source-map-url#deprecated
npm warn deprecated urix@0.1.0: Please see https://github.com/lydell/urix#deprecated
npm warn deprecated whatwg-encoding@1.0.5: Use @exodus/bytes instead for a more spec-conformant and faster implementation
npm warn deprecated abab@2.0.6: Use your platform's native atob() and btoa() methods instead
npm warn deprecated rimraf@3.0.2: Rimraf versions prior to v4 are no longer supported
npm warn deprecated resolve-url@0.2.1: https://github.com/lydell/resolve-url#deprecated
npm warn deprecated glob@7.2.3: Glob versions prior to v9 are no longer supported
npm warn deprecated source-map-resolve@0.5.3: See https://github.com/lydell/source-map-resolve#deprecated
npm warn deprecated domexception@2.0.1: Use your platform's native DOMException instead
npm warn deprecated w3c-hr-time@1.0.2: Use your platform's native performance.now() and performance.timeOrigin.
npm warn deprecated sane@4.1.0: some dependency vulnerabilities fixed, support for node < 10 dropped, and newer ECMAScript syntax/features added

added 538 packages, and audited 587 packages in 34s

39 packages are looking for funding
  run `npm fund` for details

26 vulnerabilities (1 low, 17 moderate, 8 high)

To address issues that do not require attention, run:
  npm audit fix

To address all issues (including breaking changes), run:
  npm audit fix --force

Run `npm audit` for details.

> pipeline@0.1.0 build
> tsc

node_modules/aws-cdk-lib/core/lib/helpers-internal/memoize.d.ts(7,111): error TS2304: Cannot find name 'ClassGetterDecoratorContext'.
[0;31mError: npm build failed[0m
