[0;34m==========================================[0m
[0;34mLab5 Deployment Script[0m
[0;34m==========================================[0m
Log file: logs/deployment-20260123-212034.log
AWS Profile: serverless-saas-demo
AWS Region: us-west-2
Shared Stack: serverless-saas-shared-lab5
Pipeline Stack: serverless-saas-pipeline-lab5

[1;33mStep 1: Validating prerequisites...[0m
[0;32m  ✓ AWS CLI installed[0m
[0;32m  ✓ SAM CLI installed[0m
[0;32m  ✓ AWS CDK CLI installed[0m
[0;32m  ✓ Python installed (version: 3.14.2)[0m
[0;32m  ✓ Node.js installed (version: v22.22.0)[0m
[0;32m  ✓ Git installed[0m
[1;33m  Validating AWS credentials...[0m
[0;32m  ✓ AWS credentials valid[0m
[0;32m    Account: 265098672980[0m
[0;32m    Region: us-west-2[0m
[0;32m    Profile: serverless-saas-demo[0m

[1;33mStep 2: Checking for Event Engine environment...[0m
[0;32m  ✓ Running in standard AWS account[0m

[1;33mStep 3: Deploying CI/CD pipeline...[0m
[1;33m  Checking CodeCommit repository...[0m
[0;32m  ✓ Repository exists[0m
[1;33m  Pushing code to CodeCommit...[0m
[1;33m    Current branch: checkpoint-lab7[0m
[1;33m    Git root: /Users/lancdieg/Documents/SA work/2026/Demos/AWS Serverless SaaS Demo/workshop[0m
[1;33m    ⚠ Warning: Uncommitted changes detected, committing now...[0m
[checkpoint-lab7 40aa0bd] chore: Auto-commit before Lab5 deployment
 3 files changed, 64 insertions(+), 1 deletion(-)
 create mode 100644 Lab5/scripts/logs/deployment-20260123-212034.log
You are pushing to the remote cc at codecommit::us-west-2://aws-serverless-saas-workshop
remote: Validating objects: 0%        remote: Validating objects: 100%        
To codecommit::us-west-2://aws-serverless-saas-workshop
   85162fb..40aa0bd  checkpoint-lab7 -> main
[0;32m  ✓ Code pushed to CodeCommit main branch[0m
[1;33m  Building and deploying pipeline with CDK...[0m
[1;33m  Cleaning previous npm installation for TenantPipeline...[0m
npm warn deprecated inflight@1.0.6: This module is not supported, and leaks memory. Do not use it. Check out lru-cache if you want a good and tested way to coalesce async requests by a key value, which is much more comprehensive and powerful.
npm warn deprecated glob@7.2.3: Glob versions prior to v9 are no longer supported

added 307 packages, and audited 344 packages in 22s

38 packages are looking for funding
  run `npm fund` for details

found 0 vulnerabilities

> pipeline@0.1.0 build
> tsc

[1;33m  Bootstrapping CDK...[0m
 ⏳  Bootstrapping environment aws://265098672980/us-east-1...
Trusted accounts for deployment: (none)
Trusted accounts for lookup: (none)
Using default execution policy of 'arn:aws:iam::aws:policy/AdministratorAccess'. Pass '--cloudformation-execution-policies' to customize.
CDKToolkit: creating CloudFormation changeset...
CDKToolkit |  0/12 | 9:21:24 PM | REVIEW_IN_PROGRESS   | AWS::CloudFormation::Stack | CDKToolkit User Initiated
CDKToolkit |  0/12 | 9:21:31 PM | CREATE_IN_PROGRESS   | AWS::CloudFormation::Stack | CDKToolkit User Initiated
CDKToolkit |  0/12 | 9:21:34 PM | CREATE_IN_PROGRESS   | AWS::IAM::Role             | FilePublishingRole 
CDKToolkit |  0/12 | 9:21:34 PM | CREATE_IN_PROGRESS   | AWS::S3::Bucket            | StagingBucket 
CDKToolkit |  0/12 | 9:21:34 PM | CREATE_IN_PROGRESS   | AWS::ECR::Repository       | ContainerAssetsRepository 
CDKToolkit |  0/12 | 9:21:34 PM | CREATE_IN_PROGRESS   | AWS::IAM::Role             | ImagePublishingRole 
CDKToolkit |  0/12 | 9:21:34 PM | CREATE_IN_PROGRESS   | AWS::IAM::Role             | CloudFormationExecutionRole 
CDKToolkit |  0/12 | 9:21:34 PM | CREATE_IN_PROGRESS   | AWS::IAM::Role             | LookupRole 
CDKToolkit |  0/12 | 9:21:34 PM | CREATE_IN_PROGRESS   | AWS::SSM::Parameter        | CdkBootstrapVersion 
CDKToolkit |  0/12 | 9:21:34 PM | CREATE_IN_PROGRESS   | AWS::IAM::Role             | ImagePublishingRole Resource creation Initiated
CDKToolkit |  0/12 | 9:21:34 PM | CREATE_IN_PROGRESS   | AWS::SSM::Parameter        | CdkBootstrapVersion Resource creation Initiated
CDKToolkit |  0/12 | 9:21:34 PM | CREATE_IN_PROGRESS   | AWS::IAM::Role             | FilePublishingRole Resource creation Initiated
CDKToolkit |  0/12 | 9:21:35 PM | CREATE_IN_PROGRESS   | AWS::IAM::Role             | CloudFormationExecutionRole Resource creation Initiated
CDKToolkit |  0/12 | 9:21:35 PM | CREATE_IN_PROGRESS   | AWS::ECR::Repository       | ContainerAssetsRepository Resource creation Initiated
CDKToolkit |  0/12 | 9:21:35 PM | CREATE_IN_PROGRESS   | AWS::IAM::Role             | LookupRole Resource creation Initiated
CDKToolkit |  0/12 | 9:21:35 PM | CREATE_IN_PROGRESS   | AWS::S3::Bucket            | StagingBucket Resource creation Initiated
CDKToolkit |  1/12 | 9:21:35 PM | CREATE_COMPLETE      | AWS::SSM::Parameter        | CdkBootstrapVersion 
CDKToolkit |  2/12 | 9:21:36 PM | CREATE_COMPLETE      | AWS::ECR::Repository       | ContainerAssetsRepository 
CDKToolkit |  3/12 | 9:21:49 PM | CREATE_COMPLETE      | AWS::S3::Bucket            | StagingBucket 
CDKToolkit |  3/12 | 9:21:50 PM | CREATE_IN_PROGRESS   | AWS::S3::BucketPolicy      | StagingBucketPolicy 
CDKToolkit |  3/12 | 9:21:51 PM | CREATE_IN_PROGRESS   | AWS::S3::BucketPolicy      | StagingBucketPolicy Resource creation Initiated
CDKToolkit |  4/12 | 9:21:52 PM | CREATE_COMPLETE      | AWS::S3::BucketPolicy      | StagingBucketPolicy 
CDKToolkit |  5/12 | 9:21:52 PM | CREATE_COMPLETE      | AWS::IAM::Role             | ImagePublishingRole 
CDKToolkit |  5/12 | 9:21:53 PM | CREATE_IN_PROGRESS   | AWS::IAM::Policy           | ImagePublishingRoleDefaultPolicy 
CDKToolkit |  5/12 | 9:21:54 PM | CREATE_IN_PROGRESS   | AWS::IAM::Policy           | ImagePublishingRoleDefaultPolicy Resource creation Initiated
CDKToolkit |  6/12 | 9:21:58 PM | CREATE_COMPLETE      | AWS::IAM::Role             | LookupRole 
CDKToolkit |  7/12 | 9:21:59 PM | CREATE_COMPLETE      | AWS::IAM::Role             | FilePublishingRole 
CDKToolkit |  8/12 | 9:21:59 PM | CREATE_COMPLETE      | AWS::IAM::Role             | CloudFormationExecutionRole 
CDKToolkit |  8/12 | 9:22:00 PM | CREATE_IN_PROGRESS   | AWS::IAM::Policy           | FilePublishingRoleDefaultPolicy 
CDKToolkit |  8/12 | 9:22:00 PM | CREATE_IN_PROGRESS   | AWS::IAM::Role             | DeploymentActionRole 
CDKToolkit |  8/12 | 9:22:01 PM | CREATE_IN_PROGRESS   | AWS::IAM::Policy           | FilePublishingRoleDefaultPolicy Resource creation Initiated
CDKToolkit |  8/12 | 9:22:01 PM | CREATE_IN_PROGRESS   | AWS::IAM::Role             | DeploymentActionRole Resource creation Initiated
CDKToolkit |  9/12 | 9:22:10 PM | CREATE_COMPLETE      | AWS::IAM::Policy           | ImagePublishingRoleDefaultPolicy 
CDKToolkit | 10/12 | 9:22:16 PM | CREATE_COMPLETE      | AWS::IAM::Policy           | FilePublishingRoleDefaultPolicy 
CDKToolkit | 11/12 | 9:22:19 PM | CREATE_COMPLETE      | AWS::IAM::Role             | DeploymentActionRole 
CDKToolkit | 12/12 | 9:22:20 PM | CREATE_COMPLETE      | AWS::CloudFormation::Stack | CDKToolkit 
 ✅  Environment aws://265098672980/us-east-1 bootstrapped.

NOTICES         (What's this? https://github.com/aws/aws-cdk/wiki/CLI-Notices)

34892	CDK CLI collects telemetry data on command usage starting at version 2.1100.0 (unless opted out)

	Overview: We do not collect customer content and we anonymize the
	          telemetry we do collect. See the attached issue for more
	          information on what data is collected, why, and how to
	          opt-out. Telemetry will NOT be collected for any CDK CLI
	          version prior to version 2.1100.0 - regardless of
	          opt-in/out. You can also view the telemetry we collect by
	          logging it to a local file, by adding
	          `--telemetry-file=my/local/file` to any `cdk` command.

	Affected versions: cli: ^2.1100.0

	More information at: https://github.com/aws/aws-cdk/issues/34892


If you don’t want to see a notice anymore, use "cdk acknowledge <id>". For example, "cdk acknowledge 34892".
[1;33m  Deploying CDK stack...[0m
[Warning at /serverless-saas-pipeline-lab5/Pipeline] V1 pipeline type is implicitly selected when `pipelineType` is not set. If you want to use V2 type, set `PipelineType.V2`. [ack: @aws-cdk/aws-codepipeline:unspecifiedPipelineType]

✨  Synthesis time: 5.68s

serverless-saas-pipeline-lab5: start: Building deploy-tenant-stack/Code
serverless-saas-pipeline-lab5: success: Built deploy-tenant-stack/Code
serverless-saas-pipeline-lab5: start: Building serverless-saas-pipeline-lab5 Template
serverless-saas-pipeline-lab5: success: Built serverless-saas-pipeline-lab5 Template
serverless-saas-pipeline-lab5: start: Publishing deploy-tenant-stack/Code (current_account-current_region-d995430b)
serverless-saas-pipeline-lab5: start: Publishing serverless-saas-pipeline-lab5 Template (current_account-current_region-88a41979)
serverless-saas-pipeline-lab5: success: Published deploy-tenant-stack/Code (current_account-current_region-d995430b)
serverless-saas-pipeline-lab5: success: Published serverless-saas-pipeline-lab5 Template (current_account-current_region-88a41979)
serverless-saas-pipeline-lab5: deploying... [1/1]
serverless-saas-pipeline-lab5: creating CloudFormation changeset...
serverless-saas-pipeline-lab5 |  0/21 | 9:22:34 PM | REVIEW_IN_PROGRESS   | AWS::CloudFormation::Stack  | serverless-saas-pipeline-lab5 User Initiated
serverless-saas-pipeline-lab5 |  0/21 | 9:22:41 PM | CREATE_IN_PROGRESS   | AWS::CloudFormation::Stack  | serverless-saas-pipeline-lab5 User Initiated
serverless-saas-pipeline-lab5 |  0/21 | 9:22:45 PM | CREATE_IN_PROGRESS   | AWS::IAM::Role              | deploy-tenant-stack/ServiceRole (deploytenantstackServiceRole453741D5) 
serverless-saas-pipeline-lab5 |  0/21 | 9:22:45 PM | CREATE_IN_PROGRESS   | AWS::IAM::Role              | Pipeline/Role (PipelineRoleD68726F7) 
serverless-saas-pipeline-lab5 |  0/21 | 9:22:45 PM | CREATE_IN_PROGRESS   | AWS::IAM::Role              | Pipeline/EventsRole (PipelineEventsRole46BEEA7C) 
serverless-saas-pipeline-lab5 |  0/21 | 9:22:45 PM | CREATE_IN_PROGRESS   | AWS::IAM::Role              | Build/Role (BuildRoleB7C66CB2) 
serverless-saas-pipeline-lab5 |  0/21 | 9:22:45 PM | CREATE_IN_PROGRESS   | AWS::CDK::Metadata          | CDKMetadata/Default (CDKMetadata) 
serverless-saas-pipeline-lab5 |  0/21 | 9:22:45 PM | CREATE_IN_PROGRESS   | AWS::S3::Bucket             | ArtifactsBucket (ArtifactsBucket2AAC5544) 
serverless-saas-pipeline-lab5 |  0/21 | 9:22:46 PM | CREATE_IN_PROGRESS   | AWS::IAM::Role              | Build/Role (BuildRoleB7C66CB2) Resource creation Initiated
serverless-saas-pipeline-lab5 |  0/21 | 9:22:46 PM | CREATE_IN_PROGRESS   | AWS::IAM::Role              | Pipeline/Role (PipelineRoleD68726F7) Resource creation Initiated
serverless-saas-pipeline-lab5 |  0/21 | 9:22:46 PM | CREATE_IN_PROGRESS   | AWS::IAM::Role              | Pipeline/EventsRole (PipelineEventsRole46BEEA7C) Resource creation Initiated
serverless-saas-pipeline-lab5 |  0/21 | 9:22:46 PM | CREATE_IN_PROGRESS   | AWS::CDK::Metadata          | CDKMetadata/Default (CDKMetadata) Resource creation Initiated
serverless-saas-pipeline-lab5 |  0/21 | 9:22:46 PM | CREATE_IN_PROGRESS   | AWS::IAM::Role              | deploy-tenant-stack/ServiceRole (deploytenantstackServiceRole453741D5) Resource creation Initiated
serverless-saas-pipeline-lab5 |  1/21 | 9:22:46 PM | CREATE_COMPLETE      | AWS::CDK::Metadata          | CDKMetadata/Default (CDKMetadata) 
serverless-saas-pipeline-lab5 |  1/21 | 9:22:46 PM | CREATE_IN_PROGRESS   | AWS::S3::Bucket             | ArtifactsBucket (ArtifactsBucket2AAC5544) Resource creation Initiated
serverless-saas-pipeline-lab5 |  2/21 | 9:23:00 PM | CREATE_COMPLETE      | AWS::S3::Bucket             | ArtifactsBucket (ArtifactsBucket2AAC5544) 
serverless-saas-pipeline-lab5 |  3/21 | 9:23:02 PM | CREATE_COMPLETE      | AWS::IAM::Role              | Build/Role (BuildRoleB7C66CB2) 
serverless-saas-pipeline-lab5 |  4/21 | 9:23:02 PM | CREATE_COMPLETE      | AWS::IAM::Role              | Pipeline/Role (PipelineRoleD68726F7) 
serverless-saas-pipeline-lab5 |  5/21 | 9:23:02 PM | CREATE_COMPLETE      | AWS::IAM::Role              | Pipeline/EventsRole (PipelineEventsRole46BEEA7C) 
serverless-saas-pipeline-lab5 |  6/21 | 9:23:03 PM | CREATE_COMPLETE      | AWS::IAM::Role              | deploy-tenant-stack/ServiceRole (deploytenantstackServiceRole453741D5) 
serverless-saas-pipeline-lab5 |  6/21 | 9:23:03 PM | CREATE_IN_PROGRESS   | AWS::CodeBuild::Project     | Build (Build45A36621) 
serverless-saas-pipeline-lab5 |  6/21 | 9:23:03 PM | CREATE_IN_PROGRESS   | AWS::IAM::Role              | Pipeline/Deploy/DeployTenantStack/CodePipelineActionRole (PipelineDeployDeployTenantStackCodePipelineActionRoleA7C9EA14) 
serverless-saas-pipeline-lab5 |  6/21 | 9:23:03 PM | CREATE_IN_PROGRESS   | AWS::IAM::Policy            | deploy-tenant-stack/ServiceRole/DefaultPolicy (deploytenantstackServiceRoleDefaultPolicyF551079E) 
serverless-saas-pipeline-lab5 |  6/21 | 9:23:03 PM | CREATE_IN_PROGRESS   | AWS::IAM::Role              | Pipeline/Source/CodeCommit_Source/CodePipelineActionRole (PipelineSourceCodeCommitSourceCodePipelineActionRole89AB8DD5) 
serverless-saas-pipeline-lab5 |  6/21 | 9:23:03 PM | CREATE_IN_PROGRESS   | AWS::IAM::Role              | Pipeline/Build/Build-Serverless-SaaS/CodePipelineActionRole (PipelineBuildBuildServerlessSaaSCodePipelineActionRoleF41CCA33) 
serverless-saas-pipeline-lab5 |  6/21 | 9:23:04 PM | CREATE_IN_PROGRESS   | AWS::IAM::Role              | Pipeline/Source/CodeCommit_Source/CodePipelineActionRole (PipelineSourceCodeCommitSourceCodePipelineActionRole89AB8DD5) Resource creation Initiated
serverless-saas-pipeline-lab5 |  6/21 | 9:23:04 PM | CREATE_IN_PROGRESS   | AWS::IAM::Role              | Pipeline/Deploy/DeployTenantStack/CodePipelineActionRole (PipelineDeployDeployTenantStackCodePipelineActionRoleA7C9EA14) Resource creation Initiated
serverless-saas-pipeline-lab5 |  6/21 | 9:23:04 PM | CREATE_IN_PROGRESS   | AWS::IAM::Role              | Pipeline/Build/Build-Serverless-SaaS/CodePipelineActionRole (PipelineBuildBuildServerlessSaaSCodePipelineActionRoleF41CCA33) Resource creation Initiated
serverless-saas-pipeline-lab5 |  6/21 | 9:23:04 PM | CREATE_IN_PROGRESS   | AWS::IAM::Policy            | deploy-tenant-stack/ServiceRole/DefaultPolicy (deploytenantstackServiceRoleDefaultPolicyF551079E) Resource creation Initiated
serverless-saas-pipeline-lab5 |  6/21 | 9:23:04 PM | CREATE_IN_PROGRESS   | AWS::CodeBuild::Project     | Build (Build45A36621) Resource creation Initiated
serverless-saas-pipeline-lab5 |  7/21 | 9:23:05 PM | CREATE_COMPLETE      | AWS::CodeBuild::Project     | Build (Build45A36621) 
serverless-saas-pipeline-lab5 |  7/21 | 9:23:07 PM | CREATE_IN_PROGRESS   | AWS::IAM::Policy            | Build/Role/DefaultPolicy (BuildRoleDefaultPolicyEAC4E6D6) 
serverless-saas-pipeline-lab5 |  7/21 | 9:23:08 PM | CREATE_IN_PROGRESS   | AWS::IAM::Policy            | Build/Role/DefaultPolicy (BuildRoleDefaultPolicyEAC4E6D6) Resource creation Initiated
serverless-saas-pipeline-lab5 |  8/21 | 9:23:20 PM | CREATE_COMPLETE      | AWS::IAM::Policy            | deploy-tenant-stack/ServiceRole/DefaultPolicy (deploytenantstackServiceRoleDefaultPolicyF551079E) 
serverless-saas-pipeline-lab5 |  9/21 | 9:23:21 PM | CREATE_COMPLETE      | AWS::IAM::Role              | Pipeline/Source/CodeCommit_Source/CodePipelineActionRole (PipelineSourceCodeCommitSourceCodePipelineActionRole89AB8DD5) 
serverless-saas-pipeline-lab5 | 10/21 | 9:23:21 PM | CREATE_COMPLETE      | AWS::IAM::Role              | Pipeline/Deploy/DeployTenantStack/CodePipelineActionRole (PipelineDeployDeployTenantStackCodePipelineActionRoleA7C9EA14) 
serverless-saas-pipeline-lab5 | 10/21 | 9:23:21 PM | CREATE_IN_PROGRESS   | AWS::Lambda::Function       | deploy-tenant-stack (deploytenantstackD22DC62B) 
serverless-saas-pipeline-lab5 | 11/21 | 9:23:21 PM | CREATE_COMPLETE      | AWS::IAM::Role              | Pipeline/Build/Build-Serverless-SaaS/CodePipelineActionRole (PipelineBuildBuildServerlessSaaSCodePipelineActionRoleF41CCA33) 
serverless-saas-pipeline-lab5 | 11/21 | 9:23:21 PM | CREATE_IN_PROGRESS   | AWS::IAM::Policy            | Pipeline/Source/CodeCommit_Source/CodePipelineActionRole/DefaultPolicy (PipelineSourceCodeCommitSourceCodePipelineActionRoleDefaultPolicyD20EE23A) 
serverless-saas-pipeline-lab5 | 11/21 | 9:23:22 PM | CREATE_IN_PROGRESS   | AWS::IAM::Policy            | Pipeline/Build/Build-Serverless-SaaS/CodePipelineActionRole/DefaultPolicy (PipelineBuildBuildServerlessSaaSCodePipelineActionRoleDefaultPolicy478EB4FF) 
serverless-saas-pipeline-lab5 | 11/21 | 9:23:22 PM | CREATE_IN_PROGRESS   | AWS::IAM::Policy            | Pipeline/Role/DefaultPolicy (PipelineRoleDefaultPolicyC7A05455) 
serverless-saas-pipeline-lab5 | 11/21 | 9:23:22 PM | CREATE_IN_PROGRESS   | AWS::IAM::Policy            | Pipeline/Source/CodeCommit_Source/CodePipelineActionRole/DefaultPolicy (PipelineSourceCodeCommitSourceCodePipelineActionRoleDefaultPolicyD20EE23A) Resource creation Initiated
serverless-saas-pipeline-lab5 | 11/21 | 9:23:22 PM | CREATE_IN_PROGRESS   | AWS::IAM::Policy            | Pipeline/Build/Build-Serverless-SaaS/CodePipelineActionRole/DefaultPolicy (PipelineBuildBuildServerlessSaaSCodePipelineActionRoleDefaultPolicy478EB4FF) Resource creation Initiated
serverless-saas-pipeline-lab5 | 11/21 | 9:23:23 PM | CREATE_IN_PROGRESS   | AWS::Lambda::Function       | deploy-tenant-stack (deploytenantstackD22DC62B) Resource creation Initiated
serverless-saas-pipeline-lab5 | 11/21 | 9:23:23 PM | CREATE_IN_PROGRESS   | AWS::IAM::Policy            | Pipeline/Role/DefaultPolicy (PipelineRoleDefaultPolicyC7A05455) Resource creation Initiated
serverless-saas-pipeline-lab5 | 12/21 | 9:23:23 PM | CREATE_COMPLETE      | AWS::IAM::Policy            | Build/Role/DefaultPolicy (BuildRoleDefaultPolicyEAC4E6D6) 
serverless-saas-pipeline-lab5 | 12/21 | 9:23:23 PM | CREATE_IN_PROGRESS   | AWS::Lambda::Function       | deploy-tenant-stack (deploytenantstackD22DC62B) Eventual consistency check initiated
serverless-saas-pipeline-lab5 | 12/21 | 9:23:24 PM | CREATE_IN_PROGRESS   | AWS::IAM::Policy            | Pipeline/Deploy/DeployTenantStack/CodePipelineActionRole/DefaultPolicy (PipelineDeployDeployTenantStackCodePipelineActionRoleDefaultPolicyB427C770) 
serverless-saas-pipeline-lab5 | 12/21 | 9:23:25 PM | CREATE_IN_PROGRESS   | AWS::IAM::Policy            | Pipeline/Deploy/DeployTenantStack/CodePipelineActionRole/DefaultPolicy (PipelineDeployDeployTenantStackCodePipelineActionRoleDefaultPolicyB427C770) Resource creation Initiated
serverless-saas-pipeline-lab5 | 13/21 | 9:23:29 PM | CREATE_COMPLETE      | AWS::Lambda::Function       | deploy-tenant-stack (deploytenantstackD22DC62B) 
serverless-saas-pipeline-lab5 | 14/21 | 9:23:38 PM | CREATE_COMPLETE      | AWS::IAM::Policy            | Pipeline/Source/CodeCommit_Source/CodePipelineActionRole/DefaultPolicy (PipelineSourceCodeCommitSourceCodePipelineActionRoleDefaultPolicyD20EE23A) 
serverless-saas-pipeline-lab5 | 15/21 | 9:23:38 PM | CREATE_COMPLETE      | AWS::IAM::Policy            | Pipeline/Build/Build-Serverless-SaaS/CodePipelineActionRole/DefaultPolicy (PipelineBuildBuildServerlessSaaSCodePipelineActionRoleDefaultPolicy478EB4FF) 
serverless-saas-pipeline-lab5 | 16/21 | 9:23:39 PM | CREATE_COMPLETE      | AWS::IAM::Policy            | Pipeline/Role/DefaultPolicy (PipelineRoleDefaultPolicyC7A05455) 
serverless-saas-pipeline-lab5 | 16/21 | 9:23:39 PM | CREATE_IN_PROGRESS   | AWS::CodePipeline::Pipeline | Pipeline (PipelineC660917D) 
serverless-saas-pipeline-lab5 | 17/21 | 9:23:40 PM | CREATE_COMPLETE      | AWS::IAM::Policy            | Pipeline/Deploy/DeployTenantStack/CodePipelineActionRole/DefaultPolicy (PipelineDeployDeployTenantStackCodePipelineActionRoleDefaultPolicyB427C770) 
serverless-saas-pipeline-lab5 | 17/21 | 9:23:41 PM | CREATE_IN_PROGRESS   | AWS::CodePipeline::Pipeline | Pipeline (PipelineC660917D) Resource creation Initiated
serverless-saas-pipeline-lab5 | 18/21 | 9:23:42 PM | CREATE_COMPLETE      | AWS::CodePipeline::Pipeline | Pipeline (PipelineC660917D) 
serverless-saas-pipeline-lab5 | 18/21 | 9:23:43 PM | CREATE_IN_PROGRESS   | AWS::IAM::Policy            | Pipeline/EventsRole/DefaultPolicy (PipelineEventsRoleDefaultPolicyFF4FCCE0) 
serverless-saas-pipeline-lab5 | 18/21 | 9:23:43 PM | CREATE_IN_PROGRESS   | AWS::Events::Rule           | AppRepository/serverlesssaaspipelinelab5Pipeline2B696665-main-EventRule (AppRepositoryserverlesssaaspipelinelab5Pipeline2B696665mainEventRuleC21A8BAA) 
serverless-saas-pipeline-lab5 | 18/21 | 9:23:44 PM | CREATE_IN_PROGRESS   | AWS::IAM::Policy            | Pipeline/EventsRole/DefaultPolicy (PipelineEventsRoleDefaultPolicyFF4FCCE0) Resource creation Initiated
serverless-saas-pipeline-lab5 | 18/21 | 9:23:44 PM | CREATE_IN_PROGRESS   | AWS::Events::Rule           | AppRepository/serverlesssaaspipelinelab5Pipeline2B696665-main-EventRule (AppRepositoryserverlesssaaspipelinelab5Pipeline2B696665mainEventRuleC21A8BAA) Resource creation Initiated
serverless-saas-pipeline-lab5 | 19/21 | 9:23:59 PM | CREATE_COMPLETE      | AWS::IAM::Policy            | Pipeline/EventsRole/DefaultPolicy (PipelineEventsRoleDefaultPolicyFF4FCCE0) 
serverless-saas-pipeline-lab5 | 19/21 | 9:24:34 PM | CREATE_IN_PROGRESS   | AWS::Events::Rule           | AppRepository/serverlesssaaspipelinelab5Pipeline2B696665-main-EventRule (AppRepositoryserverlesssaaspipelinelab5Pipeline2B696665mainEventRuleC21A8BAA) Eventual consistency check initiated
serverless-saas-pipeline-lab5 | 19/21 | 9:24:34 PM | CREATE_IN_PROGRESS   | AWS::CloudFormation::Stack  | serverless-saas-pipeline-lab5 Eventual consistency check initiated
serverless-saas-pipeline-lab5 | 20/21 | 9:24:45 PM | CREATE_COMPLETE      | AWS::Events::Rule           | AppRepository/serverlesssaaspipelinelab5Pipeline2B696665-main-EventRule (AppRepositoryserverlesssaaspipelinelab5Pipeline2B696665mainEventRuleC21A8BAA) 
serverless-saas-pipeline-lab5 | 21/21 | 9:24:46 PM | CREATE_COMPLETE      | AWS::CloudFormation::Stack  | serverless-saas-pipeline-lab5 

 ✅  serverless-saas-pipeline-lab5

✨  Deployment time: 135.36s

Stack ARN:
arn:aws:cloudformation:us-east-1:265098672980:stack/serverless-saas-pipeline-lab5/8b4415f0-f8cb-11f0-b9a9-0e8d661a88d1

✨  Total time: 141.04s


NOTICES         (What's this? https://github.com/aws/aws-cdk/wiki/CLI-Notices)

34892	CDK CLI collects telemetry data on command usage starting at version 2.1100.0 (unless opted out)

	Overview: We do not collect customer content and we anonymize the
	          telemetry we do collect. See the attached issue for more
	          information on what data is collected, why, and how to
	          opt-out. Telemetry will NOT be collected for any CDK CLI
	          version prior to version 2.1100.0 - regardless of
	          opt-in/out. You can also view the telemetry we collect by
	          logging it to a local file, by adding
	          `--telemetry-file=my/local/file` to any `cdk` command.

	Affected versions: cli: ^2.1100.0

	More information at: https://github.com/aws/aws-cdk/issues/34892


If you don’t want to see a notice anymore, use "cdk acknowledge <id>". For example, "cdk acknowledge 34892".
[0;32m  ✓ Pipeline deployed successfully[0m

[1;33mStep 4: Deploying bootstrap server infrastructure...[0m
[1;33m  Checking SAM deployment bucket: sam-bootstrap-bucket-lab5-shared[0m
[1;33m  Bucket does not exist, creating: sam-bootstrap-bucket-lab5-shared[0m
make_bucket: sam-bootstrap-bucket-lab5-shared
[0;32m  ✓ Created SAM deployment bucket: sam-bootstrap-bucket-lab5-shared[0m
[1;33m  Validating Python code with pylint...[0m
[0;32m  ✓ Code validation passed[0m
[1;33m  Building SAM application...[0m
Starting Build inside a container
Error: Failed to parse template: mapping values are not allowed here
  in "<unicode string>", line 364, column 19:
                Action:
                      ^
[0;31mError: SAM build failed[0m
