[0;34m==========================================[0m
[0;34mLab5 Deployment Script[0m
[0;34m==========================================[0m
Log file: logs/deployment-20260123-204847.log
AWS Profile: serverless-saas-demo
AWS Region: us-west-2
Shared Stack: serverless-saas-shared-lab5
Pipeline Stack: serverless-saas-pipeline-lab5

[1;33mStep 1: Validating prerequisites...[0m
[0;32m  ✓ AWS CLI installed[0m
[0;32m  ✓ SAM CLI installed[0m
[0;32m  ✓ AWS CDK CLI installed[0m
[0;32m  ✓ Python installed (version: 3.14.2)[0m
[0;32m  ✓ Node.js installed (version: v22.22.0)[0m
[0;32m  ✓ Git installed[0m
[1;33m  Validating AWS credentials...[0m
[0;32m  ✓ AWS credentials valid[0m
[0;32m    Account: 265098672980[0m
[0;32m    Region: us-west-2[0m
[0;32m    Profile: serverless-saas-demo[0m

[1;33mStep 2: Checking for Event Engine environment...[0m
[0;32m  ✓ Running in standard AWS account[0m

[1;33mStep 3: Deploying CI/CD pipeline...[0m
[1;33m  Checking CodeCommit repository...[0m
[1;33m  Creating CodeCommit repository: aws-serverless-saas-workshop[0m
[0;32m  ✓ Repository created[0m
[1;33m  Pushing code to CodeCommit...[0m
[1;33m    Current branch: checkpoint-lab7[0m
[1;33m    ⚠ Warning: Uncommitted changes detected, committing now...[0m
[checkpoint-lab7 2860105] chore: Auto-commit before Lab5 deployment
 208 files changed, 24226 insertions(+), 2204 deletions(-)
 create mode 100644 .DS_Store
 create mode 100644 .hypothesis/examples/04e6b3400353b141/4bdb41e3cdc7e687
 create mode 100644 .hypothesis/examples/04e6b3400353b141/aeb35290f0a778bc
 create mode 100644 .hypothesis/examples/04e6b3400353b141/f37f992975da3812
 create mode 100644 .hypothesis/examples/04e6b3400353b141/faf401bee76f98dd
 create mode 100644 .hypothesis/examples/4bdb41e3cdc7e687/b39cb8cc4b6a5b4f
 create mode 100644 .hypothesis/examples/aeb35290f0a778bc/a71f2fc7d405b58c
 create mode 100644 .hypothesis/examples/f37f992975da3812/98d6d7392d5c1af0
 create mode 100644 .hypothesis/examples/faf401bee76f98dd/91a438204f6a2501
 create mode 100644 .kiro/steering/deployment-cleanup-guide.md
 create mode 100644 .kiro/tagging-template.yaml
 create mode 100644 API_GATEWAY_LOGS_CLEANUP_UPDATE.md
 create mode 100644 BASELINE_DOCUMENTATION.md
 create mode 100644 BASELINE_STATE.md
 create mode 100644 CLEANUP_SAM_BUCKET_FIX.md
 create mode 100644 CLOUD9_REFERENCES_AUDIT.md
 create mode 100644 CLOUDFRONT_SECURITY_FIX.md
 create mode 100644 CLOUDFRONT_SECURITY_FIX_STATUS.md
 create mode 100644 CLOUDWATCH_LOGS_CLEANUP_ORDER_FIX.md
 create mode 100644 CLOUDWATCH_LOGS_RETENTION_UPDATE.md
 create mode 100644 COGNITO_ADMIN_USER_DUPLICATION_FIX.md
 delete mode 100644 Cloud9Setup/.gitignore
 delete mode 100755 Cloud9Setup/README.md
 delete mode 100755 Cloud9Setup/increase-disk-size.sh
 delete mode 100755 Cloud9Setup/pre-requisites-versions-check.sh
 delete mode 100755 Cloud9Setup/pre-requisites.sh
 delete mode 100644 Cloud9Setup/samconfig.toml
 create mode 100644 DEPLOYMENT_CLEANUP_MANUAL.md
 create mode 100644 DEPLOYMENT_UPDATES_SUMMARY.md
 create mode 100644 LAMBDA_LOGGING_CONFIG_FIX.md
 create mode 100644 LAMBDA_LOG_GROUP_NAMING_FIX_COMPLETE.md
 create mode 100755 Lab2/scripts/deployment.sh.bak
 create mode 100755 Lab2/scripts/test-registration.sh
 create mode 100644 Lab4/LAB4_SELF_CONTAINED_UPDATE.md
 create mode 100644 Lab4/RESOURCE_NAMING_UPDATES.md
 create mode 100644 Lab5/LAB5_DEPLOYMENT_SCRIPT_COMPARISON.md
 create mode 100644 Lab5/LAB5_RESOURCE_NAMING_CHANGES.md
 create mode 100755 Lab5/scripts/deployment.sh.bak
 create mode 100644 Lab5/scripts/logs/deployment-20260123-203428.log
 create mode 100644 Lab5/scripts/logs/deployment-20260123-203803.log
 create mode 100644 Lab5/scripts/logs/deployment-20260123-204658.log
 create mode 100644 Lab5/scripts/logs/deployment-20260123-204847.log
 create mode 100644 Lab5/server/add_lambda_tags.py
 create mode 100644 Lab6/LAB6_RESOURCE_NAMING_CHANGES.md
 create mode 100755 Lab6/scripts/deployment.sh.bak
 create mode 100644 Lab7/LAB7_RESOURCE_NAMING_VERIFICATION.md
 create mode 100755 Lab7/scripts/geturl.sh
 create mode 100644 NODEJS_LTS_SETUP.md
 create mode 100644 PREREQUISITES.md
 create mode 100644 PROFILE_ARG_BUG_FIX.md
 create mode 100644 PROFILE_FLAG_IMPLEMENTATION.md
 create mode 100644 QUICK_REFERENCE.md
 create mode 100644 SAM_BUCKET_SIMPLIFICATION.md
 mode change 100644 => 100755 Solution/Lab7/deployment.sh
 create mode 100644 TAGGING_PROGRESS.md
 create mode 100644 logs/cleanup-20260119-163103.log
 create mode 100644 logs/cleanup-20260119-163257.log
 create mode 100644 logs/cleanup-20260121-232737.log
 create mode 100644 logs/cleanup-20260121-232810.log
 create mode 100644 logs/deployment-20260122-103938.log
 create mode 100644 scripts/add_cloudfront_tags.py
 create mode 100755 scripts/add_lambda_log_retention.py
 create mode 100755 scripts/add_tags_simple.sh
 create mode 100644 scripts/add_tags_to_templates.py
 create mode 100644 scripts/apply_cloudfront_security_fix.py
 create mode 100755 scripts/cleanup.sh.bak
 mode change 100644 => 100755 scripts/create_tenants.sh
 create mode 100644 scripts/remove_duplicate_log_groups.py
 mode change 100644 => 100755 scripts/run_all_labs.sh
 mode change 100644 => 100755 scripts/run_workshop.sh
 create mode 100644 tests/README.md
 create mode 100644 tests/__pycache__/test_aws_profile_parameter_support.cpython-314-pytest-9.0.2.pyc
 create mode 100644 tests/__pycache__/test_cloud9_reference_removal.cpython-314-pytest-9.0.2.pyc
 create mode 100644 tests/__pycache__/test_lab1_scripts.cpython-314-pytest-9.0.2.pyc
 create mode 100644 tests/__pycache__/test_lab_independence.cpython-314-pytest-9.0.2.pyc
 create mode 100644 tests/__pycache__/test_python_runtime_consistency.cpython-313-pytest-9.0.2.pyc
 create mode 100644 tests/__pycache__/test_resource_tagging_completeness.cpython-314-pytest-9.0.2.pyc
 create mode 100644 tests/requirements.txt
 create mode 100644 tests/test_aws_profile_parameter_support.py
 create mode 100644 tests/test_cloud9_reference_removal.py
 create mode 100644 tests/test_lab1_scripts.py
 create mode 100644 tests/test_lab_independence.py
 create mode 100644 tests/test_python314_compatibility.py
 create mode 100644 tests/test_python_runtime_consistency.py
 create mode 100644 tests/test_resource_tagging_completeness.py
fatal: repository 'https://git-codecommit.us-west-2.amazonaws.com/v1/repos/aws-serverless-saas-workshop/' not found
