[0;34m==========================================[0m
[0;34mLab5 Deployment Script[0m
[0;34m==========================================[0m
Log file: logs/deployment-20260123-211803.log
AWS Profile: serverless-saas-demo
AWS Region: us-west-2
Shared Stack: serverless-saas-shared-lab5
Pipeline Stack: serverless-saas-pipeline-lab5

[1;33mStep 1: Validating prerequisites...[0m
[0;32m  ✓ AWS CLI installed[0m
[0;32m  ✓ SAM CLI installed[0m
[0;32m  ✓ AWS CDK CLI installed[0m
[0;32m  ✓ Python installed (version: 3.14.2)[0m
[0;32m  ✓ Node.js installed (version: v22.22.0)[0m
[0;32m  ✓ Git installed[0m
[1;33m  Validating AWS credentials...[0m
[0;32m  ✓ AWS credentials valid[0m
[0;32m    Account: 265098672980[0m
[0;32m    Region: us-west-2[0m
[0;32m    Profile: serverless-saas-demo[0m

[1;33mStep 2: Checking for Event Engine environment...[0m
[0;32m  ✓ Running in standard AWS account[0m

[1;33mStep 3: Deploying CI/CD pipeline...[0m
[1;33m  Checking CodeCommit repository...[0m
[0;32m  ✓ Repository exists[0m
[1;33m  Pushing code to CodeCommit...[0m
[1;33m    Current branch: checkpoint-lab7[0m
[1;33m    Git root: /Users/lancdieg/Documents/SA work/2026/Demos/AWS Serverless SaaS Demo/workshop[0m
[1;33m    ⚠ Warning: Uncommitted changes detected, committing now...[0m
[checkpoint-lab7 a4bf0c0] chore: Auto-commit before Lab5 deployment
 3 files changed, 77 insertions(+), 1 deletion(-)
 create mode 100644 Lab5/scripts/logs/deployment-20260123-211803.log
You are pushing to the remote cc at codecommit::us-west-2://aws-serverless-saas-workshop
remote: Validating objects: 0%        remote: Validating objects: 100%        
To codecommit::us-west-2://aws-serverless-saas-workshop
   51d0b30..a4bf0c0  checkpoint-lab7 -> main
[0;32m  ✓ Code pushed to CodeCommit main branch[0m
[1;33m  Building and deploying pipeline with CDK...[0m
[1;33m  Cleaning previous npm installation for TenantPipeline...[0m
npm error code ERESOLVE
npm error ERESOLVE unable to resolve dependency tree
npm error
npm error While resolving: pipeline@0.1.0
npm error Found: typescript@5.3.3
npm error node_modules/typescript
npm error   dev typescript@"~5.3.0" from the root project
npm error
npm error Could not resolve dependency:
npm error peer typescript@">=3.8 <5.0" from ts-jest@26.5.6
npm error node_modules/ts-jest
npm error   dev ts-jest@"^26.2.0" from the root project
npm error
npm error Fix the upstream dependency conflict, or retry
npm error this command with --force or --legacy-peer-deps
npm error to accept an incorrect (and potentially broken) dependency resolution.
npm error
npm error
npm error For a full report see:
npm error /Users/lancdieg/.npm/_logs/2026-01-24T02_18_31_158Z-eresolve-report.txt
npm error A complete log of this run can be found in: /Users/lancdieg/.npm/_logs/2026-01-24T02_18_31_158Z-debug-0.log
[0;31mError: npm install failed[0m
