========================================
Lab1 Cleanup Script
========================================
Log file: logs/cleanup-20260119-163257.log

Usage: /Users/lancdieg/Documents/SA work/2026/Demos/AWS Serverless SaaS Demo/workshop/tests/../Lab1/scripts/cleanup.sh --stack-name <CloudFormation stack name> [--region <AWS region>]

Options:
  --stack-name <name>  CloudFormation stack name to cleanup (required)
  --region <region>    AWS region (default: us-west-2)
  --help               Show this help message

Example:
  /Users/lancdieg/Documents/SA work/2026/Demos/AWS Serverless SaaS Demo/workshop/tests/../Lab1/scripts/cleanup.sh --stack-name serverless-saas-workshop-lab1
========================================
Lab1 Cleanup Script
========================================
Log file: logs/cleanup-20260119-163257.log

[0;31mUnknown parameter: --invalid-param[0m
Use --help for usage information
========================================
Lab1 Cleanup Script
========================================
Log file: logs/cleanup-20260119-163257.log

[0;31mError: Stack name is required[0m

Usage: /Users/lancdieg/Documents/SA work/2026/Demos/AWS Serverless SaaS Demo/workshop/tests/../Lab1/scripts/cleanup.sh --stack-name <CloudFormation stack name> [--region <AWS region>]

Options:
  --stack-name <name>  CloudFormation stack name to cleanup (required)
  --region <region>    AWS region (default: us-west-2)
  --help               Show this help message

Example:
  /Users/lancdieg/Documents/SA work/2026/Demos/AWS Serverless SaaS Demo/workshop/tests/../Lab1/scripts/cleanup.sh --stack-name serverless-saas-workshop-lab1
  /Users/lancdieg/Documents/SA work/2026/Demos/AWS Serverless SaaS Demo/workshop/tests/../Lab1/scripts/cleanup.sh --stack-name my-stack --region us-east-1
